Arguments: 
  /Users/benbabics/.nvm/versions/node/v11.9.0/bin/node /usr/local/Cellar/yarn/1.19.2/libexec/bin/yarn.js

PATH: 
  /Users/benbabics/.rvm/gems/ruby-2.6.3/bin:/Users/benbabics/.rvm/gems/ruby-2.6.3@global/bin:/Users/benbabics/.rvm/rubies/ruby-2.6.3/bin:/Users/benbabics/.nvm/versions/node/v11.9.0/bin:/Applications/Postgres.app/Contents/Versions/latest/bin:/Users/benbabics/bin:/usr/local/bin:/usr/local/bin:/usr/bin:/bin:/usr/sbin:/sbin:/opt/X11/bin:/Library/Apple/usr/bin:/Library/Frameworks/Mono.framework/Versions/Current/Commands:/Applications/Postgres.app/Contents/Versions/latest/bin:/Users/benbabics/.rvm/gems/ruby-2.6.3/bin:/Users/benbabics/.rvm/gems/ruby-2.6.3@global/bin:/Users/benbabics/.rvm/rubies/ruby-2.6.3/bin:/Users/benbabics/bin:/Users/benbabics/.rvm/bin:/Applications/Postgres.app/Contents/Versions/latest/bin

Yarn version: 
  1.19.2

Node version: 
  11.9.0

Platform: 
  darwin x64

Trace: 
  SyntaxError: /Users/benbabics/Sites/unboxing-ui/projects/lib-common/package.json: Unexpected token } in JSON at position 224
      at JSON.parse (<anonymous>)
      at /usr/local/Cellar/yarn/1.19.2/libexec/lib/cli.js:1625:59
      at Generator.next (<anonymous>)
      at step (/usr/local/Cellar/yarn/1.19.2/libexec/lib/cli.js:304:30)
      at /usr/local/Cellar/yarn/1.19.2/libexec/lib/cli.js:315:13

npm manifest: 
  {
    "name": "lib-common",
    "version": "0.0.1",
    "dependencies": {
      "bootstrap": "^4.4.1",
      "ngx-bootstrap": "^5.3.2"
    },
    "peerDependencies": {
      "@angular/common": "^8.2.14",
      "@angular/core": "^8.2.14",
    }
  }

yarn manifest: 
  No manifest

Lockfile: 
  No lockfile
